<?xml version="1.0" encoding="UTF-8"?>
<!-- Generated by org.testng.reporters.JUnitXMLReporter -->
<testsuite hostname="LH7U05CG6272CBT" ignored="0" name="componentPageTestCases" tests="9" failures="1" timestamp="24 Jan 2019 14:47:13 GMT" time="41.851" errors="0">
  <testcase name="@AfterMethod getResult" time="0.0" classname="miscellaneous.BeforeAndAfter">
    <failure type="org.openqa.selenium.UnhandledAlertException" message="Modal dialog present: 
Build info: version: &amp;apos;3.3.1&amp;apos;, revision: &amp;apos;5234b325d5&amp;apos;, time: &amp;apos;2017-03-10 09:10:29 +0000&amp;apos;
System info: host: &amp;apos;LH7U05CG6272CBT&amp;apos;, ip: &amp;apos;10.198.67.90&amp;apos;, os.name: &amp;apos;Windows 7&amp;apos;, os.arch: &amp;apos;amd64&amp;apos;, os.version: &amp;apos;6.1&amp;apos;, java.version: &amp;apos;1.8.0_91&amp;apos;
Driver info: org.openqa.selenium.ie.InternetExplorerDriver
Capabilities [{browserAttachTimeout=0, ie.enableFullPageScreenshot=true, enablePersistentHover=false, ie.forceCreateProcessApi=false, ie.forceShellWindowsApi=false, pageLoadStrategy=normal, ignoreZoomSetting=true, ie.fileUploadDialogTimeout=3000, version=11, platform=WINDOWS, nativeEvents=false, ie.ensureCleanSession=false, elementScrollBehavior=0, ie.browserCommandLineSwitches=, requireWindowFocus=false, browserName=internet explorer, initialBrowserUrl=http://localhost:23106/, javascriptEnabled=true, ignoreProtectedModeSettings=true, enableElementCacheCleanup=true, unexpectedAlertBehaviour=dismiss}]
Session ID: d86f68a0-3f77-40a1-bd0b-a2d6959c46c6">
      <![CDATA[org.openqa.selenium.UnhandledAlertException: Modal dialog present: 
Build info: version: '3.3.1', revision: '5234b325d5', time: '2017-03-10 09:10:29 +0000'
System info: host: 'LH7U05CG6272CBT', ip: '10.198.67.90', os.name: 'Windows 7', os.arch: 'amd64', os.version: '6.1', java.version: '1.8.0_91'
Driver info: org.openqa.selenium.ie.InternetExplorerDriver
Capabilities [{browserAttachTimeout=0, ie.enableFullPageScreenshot=true, enablePersistentHover=false, ie.forceCreateProcessApi=false, ie.forceShellWindowsApi=false, pageLoadStrategy=normal, ignoreZoomSetting=true, ie.fileUploadDialogTimeout=3000, version=11, platform=WINDOWS, nativeEvents=false, ie.ensureCleanSession=false, elementScrollBehavior=0, ie.browserCommandLineSwitches=, requireWindowFocus=false, browserName=internet explorer, initialBrowserUrl=http://localhost:23106/, javascriptEnabled=true, ignoreProtectedModeSettings=true, enableElementCacheCleanup=true, unexpectedAlertBehaviour=dismiss}]
Session ID: d86f68a0-3f77-40a1-bd0b-a2d6959c46c6
	at org.openqa.selenium.remote.ErrorHandler.createThrowable(ErrorHandler.java:216)
	at org.openqa.selenium.remote.ErrorHandler.createUnhandledAlertException(ErrorHandler.java:197)
	at org.openqa.selenium.remote.ErrorHandler.throwIfResponseFailed(ErrorHandler.java:158)
	at org.openqa.selenium.remote.RemoteWebDriver.execute(RemoteWebDriver.java:638)
	at org.openqa.selenium.remote.RemoteWebDriver.execute(RemoteWebDriver.java:661)
	at org.openqa.selenium.ie.InternetExplorerDriver.getScreenshotAs(InternetExplorerDriver.java:192)
	at ru.yandex.qatools.ashot.shooting.SimpleShootingStrategy.getScreenshot(SimpleShootingStrategy.java:26)
	at ru.yandex.qatools.ashot.AShot.takeScreenshot(AShot.java:143)
	at utilities.Utils.takeScreenShot_Ashot(Utils.java:91)
	at miscellaneous.BeforeAndAfter.getResult(BeforeAndAfter.java:51)
... Removed 34 stack frames]]>
    </failure>
  </testcase> <!-- @AfterMethod getResult -->
  <testcase name="@AfterMethod getResult" time="0.0" classname="miscellaneous.BeforeAndAfter">
    <skipped/>
  </testcase> <!-- @AfterMethod getResult -->
  <testcase name="@AfterMethod getResult" time="0.0" classname="miscellaneous.BeforeAndAfter">
    <skipped/>
  </testcase> <!-- @AfterMethod getResult -->
  <testcase name="@AfterMethod getResult" time="0.0" classname="miscellaneous.BeforeAndAfter">
    <skipped/>
  </testcase> <!-- @AfterMethod getResult -->
  <testcase name="@AfterMethod getResult" time="0.0" classname="miscellaneous.BeforeAndAfter">
    <skipped/>
  </testcase> <!-- @AfterMethod getResult -->
  <testcase name="@AfterMethod getResult" time="0.0" classname="miscellaneous.BeforeAndAfter">
    <skipped/>
  </testcase> <!-- @AfterMethod getResult -->
  <testcase name="@AfterMethod getResult" time="0.0" classname="miscellaneous.BeforeAndAfter">
    <skipped/>
  </testcase> <!-- @AfterMethod getResult -->
  <testcase name="@AfterMethod getResult" time="0.0" classname="miscellaneous.BeforeAndAfter">
    <skipped/>
  </testcase> <!-- @AfterMethod getResult -->
  <testcase name="@AfterMethod getResult" time="0.0" classname="miscellaneous.BeforeAndAfter">
    <skipped/>
  </testcase> <!-- @AfterMethod getResult -->
  <testcase name="TC_IND_Insert_Chart_ANOC" time="40.705" classname="testCases.ComponentCode_Individual_TestCases">
    <failure type="java.lang.AssertionError" message="failed due to either process record buttion is not visible or not clickable">
      <![CDATA[java.lang.AssertionError: failed due to either process record buttion is not visible or not clickable
	at actions.Actions_ComponentCodePage.clickOnProcessRecordsButton(Actions_ComponentCodePage.java:80)
	at testCases.ComponentCode_Individual_TestCases.TC_IND_Insert_Chart_ANOC(ComponentCode_Individual_TestCases.java:40)
... Removed 29 stack frames]]>
    </failure>
  </testcase> <!-- TC_IND_Insert_Chart_ANOC -->
  <testcase name="TC_IND_Update_Chart_ANOC" time="0.0" classname="testCases.ComponentCode_Individual_TestCases">
    <skipped/>
  </testcase> <!-- TC_IND_Update_Chart_ANOC -->
  <testcase name="TC_IND_Delete_Chart_ANOC" time="0.001" classname="testCases.ComponentCode_Individual_TestCases">
    <skipped/>
  </testcase> <!-- TC_IND_Delete_Chart_ANOC -->
  <testcase name="TC_IND_ErrorMessage_InvalidPlanData" time="0.0" classname="testCases.ComponentCode_Individual_TestCases">
    <skipped/>
  </testcase> <!-- TC_IND_ErrorMessage_InvalidPlanData -->
  <testcase name="TC_IND_ErrorMessage_InvalidPlanYear" time="0.0" classname="testCases.ComponentCode_Individual_TestCases">
    <skipped/>
  </testcase> <!-- TC_IND_ErrorMessage_InvalidPlanYear -->
  <testcase name="TC_IND_ErrorMessage_Max30Chars" time="0.0" classname="testCases.ComponentCode_Individual_TestCases">
    <skipped/>
  </testcase> <!-- TC_IND_ErrorMessage_Max30Chars -->
  <testcase name="TC_IND_ErrorMessage_Min4Chars" time="0.0" classname="testCases.ComponentCode_Individual_TestCases">
    <skipped/>
  </testcase> <!-- TC_IND_ErrorMessage_Min4Chars -->
  <testcase name="individual_serach_chart" time="0.0" classname="testCases.ComponentCode_Individual_TestCases">
    <skipped/>
  </testcase> <!-- individual_serach_chart -->
  <testcase name="TC_IND_Search_Chart" time="0.0" classname="testCases.ComponentCode_Individual_TestCases">
    <skipped/>
  </testcase> <!-- TC_IND_Search_Chart -->
</testsuite> <!-- componentPageTestCases -->
