<?xml version="1.0" encoding="UTF-8"?>
<!-- Generated by org.testng.reporters.JUnitReportReporter -->
<testsuite name="testCases.ComponentCode_Individual_TestCases" tests="1" time="38.561" ignored="8" failures="0" timestamp="01 May 2019 20:26:01 GMT" skipped="0" hostname="LH7U05CG6272CBT" errors="1">
  <testcase name="TC_IND_Insert_Chart_ANOC" time="38.561" classname="testCases.ComponentCode_Individual_TestCases">
    <error type="org.openqa.selenium.NoSuchElementException" message="{&quot;errorMessage&quot;:&quot;Unable to find element with xpath &#039;//ul[@class=&#039;nav&#039;]/li[4]/a&#039;&quot;,&quot;request&quot;:{&quot;headers&quot;:{&quot;Accept-Encoding&quot;:&quot;gzip,deflate&quot;,&quot;Connection&quot;:&quot;Keep-Alive&quot;,&quot;Content-Length&quot;:&quot;54&quot;,&quot;Content-Type&quot;:&quot;application/json; charset=utf-8&quot;,&quot;Host&quot;:&quot;localhost:1378&quot;,&quot;User-Agent&quot;:&quot;Apache-HttpClient/4.5.2 (Java/1.8.0_191)&quot;},&quot;httpVersion&quot;:&quot;1.1&quot;,&quot;method&quot;:&quot;POST&quot;,&quot;post&quot;:&quot;{\&quot;using\&quot;:\&quot;xpath\&quot;,\&quot;value\&quot;:\&quot;//ul[@class=&#039;nav&#039;]/li[4]/a\&quot;}&quot;,&quot;url&quot;:&quot;/element&quot;,&quot;urlParsed&quot;:{&quot;anchor&quot;:&quot;&quot;,&quot;query&quot;:&quot;&quot;,&quot;file&quot;:&quot;element&quot;,&quot;directory&quot;:&quot;/&quot;,&quot;path&quot;:&quot;/element&quot;,&quot;relative&quot;:&quot;/element&quot;,&quot;port&quot;:&quot;&quot;,&quot;host&quot;:&quot;&quot;,&quot;password&quot;:&quot;&quot;,&quot;user&quot;:&quot;&quot;,&quot;userInfo&quot;:&quot;&quot;,&quot;authority&quot;:&quot;&quot;,&quot;protocol&quot;:&quot;&quot;,&quot;source&quot;:&quot;/element&quot;,&quot;queryKey&quot;:{},&quot;chunks&quot;:[&quot;element&quot;]},&quot;urlOriginal&quot;:&quot;/session/42299b70-6c4f-11e9-9719-0528ea9e2f03/element&quot;}}
Command duration or timeout: 30.19 seconds">
      <![CDATA[org.openqa.selenium.NoSuchElementException: {"errorMessage":"Unable to find element with xpath '//ul[@class='nav']/li[4]/a'","request":{"headers":{"Accept-Encoding":"gzip,deflate","Connection":"Keep-Alive","Content-Length":"54","Content-Type":"application/json; charset=utf-8","Host":"localhost:1378","User-Agent":"Apache-HttpClient/4.5.2 (Java/1.8.0_191)"},"httpVersion":"1.1","method":"POST","post":"{\"using\":\"xpath\",\"value\":\"//ul[@class='nav']/li[4]/a\"}","url":"/element","urlParsed":{"anchor":"","query":"","file":"element","directory":"/","path":"/element","relative":"/element","port":"","host":"","password":"","user":"","userInfo":"","authority":"","protocol":"","source":"/element","queryKey":{},"chunks":["element"]},"urlOriginal":"/session/42299b70-6c4f-11e9-9719-0528ea9e2f03/element"}}
Command duration or timeout: 30.19 seconds
	at sun.reflect.NativeConstructorAccessorImpl.newInstance0(Native Method)
	at sun.reflect.NativeConstructorAccessorImpl.newInstance(NativeConstructorAccessorImpl.java:62)
	at sun.reflect.DelegatingConstructorAccessorImpl.newInstance(DelegatingConstructorAccessorImpl.java:45)
	at java.lang.reflect.Constructor.newInstance(Constructor.java:423)
	at org.openqa.selenium.remote.ErrorHandler.createThrowable(ErrorHandler.java:216)
	at org.openqa.selenium.remote.ErrorHandler.throwIfResponseFailed(ErrorHandler.java:168)
	at org.openqa.selenium.remote.RemoteWebDriver.execute(RemoteWebDriver.java:638)
	at org.openqa.selenium.remote.RemoteWebDriver.findElement(RemoteWebDriver.java:371)
	at org.openqa.selenium.remote.RemoteWebDriver.findElementByXPath(RemoteWebDriver.java:476)
	at org.openqa.selenium.By$ByXPath.findElement(By.java:361)
	at org.openqa.selenium.remote.RemoteWebDriver.findElement(RemoteWebDriver.java:363)
	at pageObjects.Header.Materials_Link(Header.java:22)
	at actions.Actions_Header.clickOnComponentCodeLink(Actions_Header.java:26)
	at testCases.ComponentCode_Individual_TestCases.TC_IND_Insert_Chart_ANOC(ComponentCode_Individual_TestCases.java:41)
	at sun.reflect.NativeMethodAccessorImpl.invoke0(Native Method)
	at sun.reflect.NativeMethodAccessorImpl.invoke(NativeMethodAccessorImpl.java:62)
	at sun.reflect.DelegatingMethodAccessorImpl.invoke(DelegatingMethodAccessorImpl.java:43)
	at java.lang.reflect.Method.invoke(Method.java:498)
	at org.testng.internal.MethodInvocationHelper.invokeMethod(MethodInvocationHelper.java:104)
	at org.testng.internal.Invoker.invokeMethod(Invoker.java:645)
	at org.testng.internal.Invoker.invokeTestMethod(Invoker.java:851)
	at org.testng.internal.Invoker.invokeTestMethods(Invoker.java:1177)
	at org.testng.internal.TestMethodWorker.invokeTestMethods(TestMethodWorker.java:129)
	at org.testng.internal.TestMethodWorker.run(TestMethodWorker.java:112)
	at org.testng.TestRunner.privateRun(TestRunner.java:756)
	at org.testng.TestRunner.run(TestRunner.java:610)
	at org.testng.SuiteRunner.runTest(SuiteRunner.java:387)
	at org.testng.SuiteRunner.runSequentially(SuiteRunner.java:382)
	at org.testng.SuiteRunner.privateRun(SuiteRunner.java:340)
	at org.testng.SuiteRunner.run(SuiteRunner.java:289)
	at org.testng.SuiteRunnerWorker.runSuite(SuiteRunnerWorker.java:52)
	at org.testng.SuiteRunnerWorker.run(SuiteRunnerWorker.java:86)
	at org.testng.TestNG.runSuitesSequentially(TestNG.java:1293)
	at org.testng.TestNG.runSuitesLocally(TestNG.java:1218)
	at org.testng.TestNG.runSuites(TestNG.java:1133)
	at org.testng.TestNG.run(TestNG.java:1104)
	at org.testng.remote.AbstractRemoteTestNG.run(AbstractRemoteTestNG.java:132)
	at org.testng.remote.RemoteTestNG.initAndRun(RemoteTestNG.java:230)
	at org.testng.remote.RemoteTestNG.main(RemoteTestNG.java:76)
Caused by: org.openqa.selenium.remote.ScreenshotException: Screen shot has been taken
	at org.openqa.selenium.remote.ErrorHandler.throwIfResponseFailed(ErrorHandler.java:142)
	... 33 more
Caused by: org.openqa.selenium.NoSuchElementException: {"errorMessage":"Unable to find element with xpath '//ul[@class='nav']/li[4]/a'","request":{"headers":{"Accept-Encoding":"gzip,deflate","Connection":"Keep-Alive","Content-Length":"54","Content-Type":"application/json; charset=utf-8","Host":"localhost:1378","User-Agent":"Apache-HttpClient/4.5.2 (Java/1.8.0_191)"},"httpVersion":"1.1","method":"POST","post":"{\"using\":\"xpath\",\"value\":\"//ul[@class='nav']/li[4]/a\"}","url":"/element","urlParsed":{"anchor":"","query":"","file":"element","directory":"/","path":"/element","relative":"/element","port":"","host":"","password":"","user":"","userInfo":"","authority":"","protocol":"","source":"/element","queryKey":{},"chunks":["element"]},"urlOriginal":"/session/42299b70-6c4f-11e9-9719-0528ea9e2f03/element"}}
For documentation on this error, please visit: http://seleniumhq.org/exceptions/no_such_element.html
Build info: version: '3.3.1', revision: '5234b325d5', time: '2017-03-10 09:10:29 +0000'
System info: host: 'LH7U05CG6272CBT', ip: '10.228.29.71', os.name: 'Windows 7', os.arch: 'amd64', os.version: '6.1', java.version: '1.8.0_191'
Driver info: driver.version: unknown
]]>
    </error>
  </testcase> <!-- TC_IND_Insert_Chart_ANOC -->
  <testcase name="TC_IND_ErrorMessage_InvalidPlanYear" classname="testCases.ComponentCode_Individual_TestCases">
    <skipped/>
  </testcase> <!-- TC_IND_ErrorMessage_InvalidPlanYear -->
  <testcase name="TC_IND_Search_Chart" classname="testCases.ComponentCode_Individual_TestCases">
    <skipped/>
  </testcase> <!-- TC_IND_Search_Chart -->
  <testcase name="TC_IND_ErrorMessage_InvalidPlanData" classname="testCases.ComponentCode_Individual_TestCases">
    <skipped/>
  </testcase> <!-- TC_IND_ErrorMessage_InvalidPlanData -->
  <testcase name="individual_serach_chart" classname="testCases.ComponentCode_Individual_TestCases">
    <skipped/>
  </testcase> <!-- individual_serach_chart -->
  <testcase name="TC_IND_ErrorMessage_Min4Chars" classname="testCases.ComponentCode_Individual_TestCases">
    <skipped/>
  </testcase> <!-- TC_IND_ErrorMessage_Min4Chars -->
  <testcase name="TC_IND_Delete_Chart_ANOC" classname="testCases.ComponentCode_Individual_TestCases">
    <skipped/>
  </testcase> <!-- TC_IND_Delete_Chart_ANOC -->
  <testcase name="TC_IND_Update_Chart_ANOC" classname="testCases.ComponentCode_Individual_TestCases">
    <skipped/>
  </testcase> <!-- TC_IND_Update_Chart_ANOC -->
  <testcase name="TC_IND_ErrorMessage_Max30Chars" classname="testCases.ComponentCode_Individual_TestCases">
    <skipped/>
  </testcase> <!-- TC_IND_ErrorMessage_Max30Chars -->
</testsuite> <!-- testCases.ComponentCode_Individual_TestCases -->
